<?xml version="1.0" encoding="UTF-8"?>
<!-- Generated by org.testng.reporters.JUnitReportReporter -->
<testsuite hostname="DESKTOP-K9Q4JUP" failures="0" tests="1" name="test_script.Test1" time="18.630" errors="0" timestamp="2022-12-12T22:55:15 IST" skipped="0">
  <testcase classname="test_script.Test1" name="test1" time="18.630"/>
  <system-out/>
</testsuite> <!-- test_script.Test1 -->
